<?xml version="1.0" encoding="UTF-8"?>
<testng-results skipped="0" failed="0" ignored="0" total="1" passed="1">
  <reporter-output>
  </reporter-output>
  <suite name="Default suite" duration-ms="112242" started-at="2020-06-04T09:11:13Z" finished-at="2020-06-04T09:13:05Z">
    <groups>
    </groups>
    <test name="Default test" duration-ms="112242" started-at="2020-06-04T09:11:13Z" finished-at="2020-06-04T09:13:05Z">
      <class name="CheckboxDemo">
        <test-method status="PASS" signature="test()[pri:0, instance:CheckboxDemo@46d56d67]" name="test" duration-ms="112206" started-at="2020-06-04T14:41:13Z" finished-at="2020-06-04T14:43:05Z">
          <reporter-output>
          </reporter-output>
        </test-method> <!-- test -->
      </class> <!-- CheckboxDemo -->
    </test> <!-- Default test -->
  </suite> <!-- Default suite -->
</testng-results>
